
2025-12-19 05:46:00,438 - INFO - Triggering tahajjud at 2025-12-19 05:46:00
2025-12-19 05:46:00,438 - INFO - Triggering tahajjud at 2025-12-19 05:46:00
[003cc378] dummy interface: using the dummy interface module...
[003ac5c8] main playlist: end of playlist, exiting
2025-12-19 05:46:36,712 - INFO - Executed athan for tahajjud at 2025-12-19 05:46:00
2025-12-19 05:46:36,712 - INFO - Executed athan for tahajjud at 2025-12-19 05:46:00
2025-12-19 06:06:00,221 - INFO - Triggering fajr at 2025-12-19 06:06:00
2025-12-19 06:06:00,221 - INFO - Triggering fajr at 2025-12-19 06:06:00
[018c75c0] dummy interface: using the dummy interface module...
[018a75c8] main playlist: end of playlist, exiting
2025-12-19 06:08:21,192 - INFO - Executed athan for fajr at 2025-12-19 06:06:00
2025-12-19 06:08:21,192 - INFO - Executed athan for fajr at 2025-12-19 06:06:00
2025-12-19 11:08:00,495 - INFO - Triggering duha at 2025-12-19 11:08:00
2025-12-19 11:08:00,495 - INFO - Triggering duha at 2025-12-19 11:08:00
[0199d350] dummy interface: using the dummy interface module...
[0197d5c8] main playlist: end of playlist, exiting
2025-12-19 11:08:32,926 - INFO - Executed athan for duha at 2025-12-19 11:08:00
2025-12-19 11:08:32,926 - INFO - Executed athan for duha at 2025-12-19 11:08:00
2025-12-19 12:08:00,421 - INFO - Triggering dhuhr at 2025-12-19 12:08:00
2025-12-19 12:08:00,421 - INFO - Triggering dhuhr at 2025-12-19 12:08:00
[010c7608] dummy interface: using the dummy interface module...
[010a75c8] main playlist: end of playlist, exiting
2025-12-19 12:10:21,456 - INFO - Executed athan for dhuhr at 2025-12-19 12:08:00
2025-12-19 12:10:21,456 - INFO - Executed athan for dhuhr at 2025-12-19 12:08:00
2025-12-19 13:42:00,251 - INFO - Triggering asr at 2025-12-19 13:42:00
2025-12-19 13:42:00,251 - INFO - Triggering asr at 2025-12-19 13:42:00
[0058f5e8] dummy interface: using the dummy interface module...
[0056f5c8] main playlist: end of playlist, exiting
2025-12-19 13:44:21,288 - INFO - Executed athan for asr at 2025-12-19 13:42:00
2025-12-19 13:44:21,288 - INFO - Executed athan for asr at 2025-12-19 13:42:00
2025-12-19 16:00:00,187 - INFO - Triggering maghrib at 2025-12-19 16:00:00
2025-12-19 16:00:00,187 - INFO - Triggering maghrib at 2025-12-19 16:00:00
[013d6618] dummy interface: using the dummy interface module...
[013b65c8] main playlist: end of playlist, exiting
2025-12-19 16:02:21,223 - INFO - Executed athan for maghrib at 2025-12-19 16:00:00
2025-12-19 16:02:21,223 - INFO - Executed athan for maghrib at 2025-12-19 16:00:00
2025-12-19 17:47:00,325 - INFO - Triggering isha at 2025-12-19 17:47:00
2025-12-19 17:47:00,325 - INFO - Triggering isha at 2025-12-19 17:47:00
[00fd9c10] dummy interface: using the dummy interface module...
[00fb95c8] main playlist: end of playlist, exiting
2025-12-19 17:49:21,362 - INFO - Executed athan for isha at 2025-12-19 17:47:00
2025-12-19 17:49:21,362 - INFO - Executed athan for isha at 2025-12-19 17:47:00
