copy /home/ihms/Desktop/إدخال-مواقيت-الصلاة-للمستخدم.csv file to /home/ihms/Desktop/scheduler/config/input-prayers-time.csv

Add fields to csv file based on config.ini settings
     Month  Day   Fajr Sunrise  ... Maghrib Athkar_elmasa   Isha Tahajjud
0        1    1  06:10   08:10  ...   16:09         16:29  17:55    05:50
1        1    2  06:10   08:10  ...   16:10         16:30  17:56    05:50
2        1    3  06:10   08:10  ...   16:11         16:31  17:57    05:50
3        1    4  06:10   08:10  ...   16:12         16:32  17:58    05:50
4        1    5  06:10   08:10  ...   16:14         16:34  17:59    05:50
..     ...  ...    ...     ...  ...     ...           ...    ...      ...
360     12   27  06:09   08:10  ...   16:04         16:24  17:51    05:49
361     12   28  06:10   08:10  ...   16:05         16:25  17:52    05:50
362     12   29  06:10   08:10  ...   16:06         16:26  17:53    05:50
363     12   30  06:10   08:10  ...   16:07         16:27  17:53    05:50
364     12   31  06:10   08:10  ...   16:08         16:28  17:54    05:50

[365 rows x 12 columns]
Exported file is: /home/ihms/Desktop/scheduler/config/prayer_times.csv

copy /home/ihms/Desktop/scheduler/config/prayer_times.csv file to /home/ihms/Desktop/اوقات-الصلاة-المستخدمةبالتطبيقات.csv

convert csv flie to map...
Python map saved to /home/ihms/Desktop/scheduler/config/prayer_times_map.py

copy /home/ihms/Desktop/scheduler/config/prayer_times_map.py file to /home/ihms/Desktop/scheduler/applications/desktop/prayer_times_gui
Restart the scheduler App & Desktop scheduler App
