
[2026-01-17 05:46:00] tahajjud
[2026-01-17 05:46:00] Playing tahajjud...
[00000055b5b02c60] dummy interface: using the dummy interface module...
[00000055b5ab5330] main playlist: end of playlist, exiting
[2026-01-17 05:46:37] Cleaning up...
[2026-01-17 06:06:00] fajr
[2026-01-17 06:06:00] Priority prayer 'fajr' detected. Killing other running instances...
[2026-01-17 06:06:00] Playing fajr...
[00000055758c3220] dummy interface: using the dummy interface module...
[0000005575875330] main playlist: end of playlist, exiting
[2026-01-17 06:08:21] Cleaning up...
[2026-01-17 06:30:00] quran "01-bakar-90.mp3,02-safat-90.mp3,03-eklas-falak-elnas-90.mp3,04-eklas-falak-elnas-90.mp3,05-eklas-falak-elnas-90.mp3"
[2026-01-17 06:30:00] Playing quran...
[00000055a889cd90] dummy interface: using the dummy interface module...
[00000055a884e330] main playlist: end of playlist, exiting
[2026-01-17 08:44:16] Cleaning up...
[2026-01-17 10:06:00] athkar_elsabah
[2026-01-17 10:06:00] Playing athkar_elsabah...
[00000055ae607cd0] dummy interface: using the dummy interface module...
[00000055ae5ba330] main playlist: end of playlist, exiting
[2026-01-17 10:08:31] Cleaning up...
[2026-01-17 11:21:00] duha
[2026-01-17 11:21:00] Playing duha...
[0000005586e2dc30] dummy interface: using the dummy interface module...
[0000005586de0330] main playlist: end of playlist, exiting
[2026-01-17 11:21:00] Cleaning up...
[2026-01-17 12:21:00] dhuhr
[2026-01-17 12:21:00] Priority prayer 'dhuhr' detected. Killing other running instances...
[2026-01-17 12:21:00] Playing dhuhr...
[0000005592a8f150] dummy interface: using the dummy interface module...
[0000005592a41330] main playlist: end of playlist, exiting
[2026-01-17 12:23:21] Cleaning up...
[2026-01-17 14:08:00] asr
[2026-01-17 14:08:00] Priority prayer 'asr' detected. Killing other running instances...
[2026-01-17 14:08:00] Playing asr...
[00000055aeb54fc0] dummy interface: using the dummy interface module...
[00000055aeb07330] main playlist: end of playlist, exiting
[2026-01-17 14:10:21] Cleaning up...
[2026-01-17 16:31:00] maghrib
[2026-01-17 16:31:00] Priority prayer 'maghrib' detected. Killing other running instances...
[2026-01-17 16:31:00] Playing maghrib...
[000000559b2d1110] dummy interface: using the dummy interface module...
[000000559b283330] main playlist: end of playlist, exiting
[2026-01-17 16:33:21] Cleaning up...
[2026-01-17 16:51:00] athkar_elmasa
[2026-01-17 16:51:00] Playing athkar_elmasa...
[00000055662b99f0] dummy interface: using the dummy interface module...
[000000556626c330] main playlist: end of playlist, exiting
[2026-01-17 17:08:23] Cleaning up...
[2026-01-17 18:14:00] isha
[2026-01-17 18:14:00] Priority prayer 'isha' detected. Killing other running instances...
[2026-01-17 18:14:00] Playing isha...
[00000055c570e0a0] dummy interface: using the dummy interface module...
[00000055c56c0330] main playlist: end of playlist, exiting
[2026-01-17 18:16:21] Cleaning up...
